This is pdfTeX, Version 3.14159265-2.6-1.40.21 (TeX Live 2020/Debian) (preloaded format=pdflatex 2024.1.16)  14 MAR 2024 19:48
entering extended mode
 restricted \write18 enabled.
 %&-line parsing enabled.
**162-main.tex
(./162-main.tex
LaTeX2e <2020-10-01> patch level 4
L3 programming layer <2021-01-09> xparse <2020-03-03>
(/usr/share/texlive/texmf-dist/tex/latex/koma-script/scrbook.cls
Document Class: scrbook 2020/09/21 v3.32 KOMA-Script document class (book)
(/usr/share/texlive/texmf-dist/tex/latex/koma-script/scrkbase.sty
Package: scrkbase 2020/09/21 v3.32 KOMA-Script package (KOMA-Script-dependent b
asics and keyval usage)

(/usr/share/texlive/texmf-dist/tex/latex/koma-script/scrbase.sty
Package: scrbase 2020/09/21 v3.32 KOMA-Script package (KOMA-Script-independent 
basics and keyval usage)

(/usr/share/texlive/texmf-dist/tex/latex/koma-script/scrlfile.sty
Package: scrlfile 2020/09/21 v3.32 KOMA-Script package (file load hooks)

(/usr/share/texlive/texmf-dist/tex/latex/koma-script/scrlfile-hook.sty
Package: scrlfile-hook 2020/09/21 v3.32 KOMA-Script package (using LaTeX hooks)


LaTeX3 Info: Defining command \BeforeFile with sig. 'm' on line 61.


LaTeX3 Info: Defining command \AfterFile with sig. 'm' on line 65.


LaTeX3 Info: Defining command \BeforeClass with sig. 'm' on line 69.


LaTeX3 Info: Defining command \BeforePackage with sig. 'm' on line 73.


LaTeX3 Info: Defining command \AfterAtEndOfClass with sig. 'smo+m' on line 83.


LaTeX3 Info: Defining command \AfterAtEndOfPackage with sig. 'smo+m' on line
(LaTeX3)     93.


LaTeX3 Info: Defining command \scrlfile@AfterClass with sig. 'smo+m' on line
(LaTeX3)     173.


LaTeX3 Info: Defining command \AfterClass with sig. '' on line 174.


LaTeX3 Info: Defining command \scrlfile@AfterPackage with sig. 'smo+m' on line
(LaTeX3)     191.


LaTeX3 Info: Defining command \AfterPackage with sig. '' on line 192.


LaTeX3 Info: Defining command \ReplaceInput with sig. '' on line 193.


LaTeX3 Info: Defining command \ReplaceClass with sig. 'mm' on line 196.


LaTeX3 Info: Defining command \ReplacePackage with sig. 'mm' on line 199.


LaTeX3 Info: Defining command \UnReplaceInput with sig. '' on line 200.


LaTeX3 Info: Defining command \UnReplaceClass with sig. 'm' on line 203.


LaTeX3 Info: Defining command \UnReplacePackage with sig. 'mm' on line 206.


LaTeX3 Info: Defining command \PreventPackageFromLoading with sig. 's+om' on
(LaTeX3)     line 234.


LaTeX3 Info: Defining command \StorePreventPackageFromLoading with sig. 'm' on
(LaTeX3)     line 242.


LaTeX3 Info: Defining command \ResetPreventPackageFromLoading with sig. '' on
(LaTeX3)     line 247.


LaTeX3 Info: Defining command \UnPreventPackageFromLoading with sig. 'sm' on
(LaTeX3)     line 261.


LaTeX3 Info: Defining command \BeforeClosingMainAux with sig. 'om' on line
(LaTeX3)     274.


LaTeX3 Info: Defining command \AfterReadingMainAux with sig. 'om' on line 287.


LaTeX3 Info: Defining command \protected@immediate@write with sig. 'm+m+m' on
(LaTeX3)     line 298.


(/usr/share/texlive/texmf-dist/tex/latex/koma-script/scrlogo.sty
Package: scrlogo 2020/09/21 v3.32 KOMA-Script package (logo)
)))
(/usr/share/texlive/texmf-dist/tex/latex/graphics/keyval.sty
Package: keyval 2014/10/28 v1.15 key=value parser (DPC)
\KV@toks@=\toks15
)))
(/usr/share/texlive/texmf-dist/tex/latex/koma-script/tocbasic.sty
Package: tocbasic 2020/09/21 v3.32 KOMA-Script package (handling toc-files)
\scr@dte@tocline@numberwidth=\skip47
\scr@dte@tocline@numbox=\box47
)
Package tocbasic Info: babel extension for `toc' omitted
(tocbasic)             because of missing \bbl@set@language on input line 137.
Package scrbook Info: You've used standard option `12pt'.
(scrbook)             This is correct!
(scrbook)             Internally I'm using `fontsize=12pt'.
(scrbook)             If you'd like to set the option with \KOMAoptions,
(scrbook)             you'd have to use `fontsize=12pt' there
(scrbook)             instead of `12pt', too.
Class scrbook Info: File `scrsize12pt.clo' used to setup font sizes on input li
ne 2437.

(/usr/share/texlive/texmf-dist/tex/latex/koma-script/scrsize12pt.clo
File: scrsize12pt.clo 2020/09/21 v3.32 KOMA-Script font size class option (12pt
)
)
(/usr/share/texlive/texmf-dist/tex/latex/koma-script/typearea.sty
Package: typearea 2020/09/21 v3.32 KOMA-Script package (type area)
\ta@bcor=\skip48
\ta@div=\count177
\ta@hblk=\skip49
\ta@vblk=\skip50
\ta@temp=\skip51
\footheight=\skip52
Package typearea Info: With paper sizes other than (almost) `A4' predefined
(typearea)             DIV values do not exist. Using DIV calculation for good
(typearea)             line width (unless using `version=3.24` or prior).

DIV calculation for typearea with good linewidth.
Package typearea Info: These are the values describing the layout:
(typearea)             DIV  = 45
(typearea)             BCOR = 0.0pt
(typearea)             \paperwidth      = 433.62pt
(typearea)              \textwidth      = 404.71204pt
(typearea)              DIV departure   = 0%
(typearea)              \evensidemargin = -52.99802pt
(typearea)              \oddsidemargin  = -62.634pt
(typearea)             \paperheight     = 650.43pt
(typearea)              \textheight     = 519.5pt
(typearea)              \topmargin      = -57.816pt
(typearea)              \headheight     = 18.125pt
(typearea)              \headsep        = 21.75pt
(typearea)              \topskip        = 12.0pt
(typearea)              \footskip       = 50.75pt
(typearea)              \baselineskip   = 14.5pt
(typearea)              on input line 1740.
)
\c@part=\count178
\c@chapter=\count179
\c@section=\count180
\c@subsection=\count181
\c@subsubsection=\count182
\c@paragraph=\count183
\c@subparagraph=\count184
\scr@dte@chapter@maxnumwidth=\skip53
Class scrbook Info: using compatibility default `afterindent=bysign'
(scrbook)           for `\chapter on input line 5625.
\scr@dte@section@maxnumwidth=\skip54
Class scrbook Info: using compatibility default `runin=bysign'
(scrbook)           for `\section on input line 5636.
Class scrbook Info: using compatibility default `afterindent=bysign'
(scrbook)           for `\section on input line 5636.
\scr@dte@part@maxnumwidth=\skip55
Class scrbook Info: using compatibility default `afterindent=true'
(scrbook)           for `\part on input line 5645.
\scr@dte@subsection@maxnumwidth=\skip56
Class scrbook Info: using compatibility default `runin=bysign'
(scrbook)           for `\subsection on input line 5655.
Class scrbook Info: using compatibility default `afterindent=bysign'
(scrbook)           for `\subsection on input line 5655.
\scr@dte@subsubsection@maxnumwidth=\skip57
Class scrbook Info: using compatibility default `runin=bysign'
(scrbook)           for `\subsubsection on input line 5665.
Class scrbook Info: using compatibility default `afterindent=bysign'
(scrbook)           for `\subsubsection on input line 5665.
\scr@dte@paragraph@maxnumwidth=\skip58
Class scrbook Info: using compatibility default `runin=bysign'
(scrbook)           for `\paragraph on input line 5676.
Class scrbook Info: using compatibility default `afterindent=bysign'
(scrbook)           for `\paragraph on input line 5676.
\scr@dte@subparagraph@maxnumwidth=\skip59
Class scrbook Info: using compatibility default `runin=bysign'
(scrbook)           for `\subparagraph on input line 5686.
Class scrbook Info: using compatibility default `afterindent=bysign'
(scrbook)           for `\subparagraph on input line 5686.
\abovecaptionskip=\skip60
\belowcaptionskip=\skip61
\c@pti@nb@sid@b@x=\box48
Package tocbasic Info: babel extension for `lof' omitted
(tocbasic)             because of missing \bbl@set@language on input line 6929.

\scr@dte@figure@maxnumwidth=\skip62
\c@figure=\count185
Package tocbasic Info: babel extension for `lot' omitted
(tocbasic)             because of missing \bbl@set@language on input line 6950.

\scr@dte@table@maxnumwidth=\skip63
\c@table=\count186
Class scrbook Info: Redefining `\numberline' on input line 7123.
\bibindent=\dimen138
) (/usr/share/texlive/texmf-dist/tex/generic/babel/babel.sty
Package: babel 2021/01/26 3.53 The Babel package

(/usr/share/texlive/texmf-dist/tex/generic/babel/babel.def
File: babel.def 2021/01/26 3.53 Babel common definitions
\babel@savecnt=\count187
\U@D=\dimen139
\l@babelnohyphens=\language46

(/usr/share/texlive/texmf-dist/tex/generic/babel/txtbabel.def)
\bbl@readstream=\read2
)
\bbl@dirlevel=\count188

(/usr/share/texlive/texmf-dist/tex/generic/babel-danish/danish.ldf
Language: danish 2009/09/19 v1.3r Danish support from the babel system
Package babel Info: Making " an active character on input line 82.
))
Package typearea Info: These are the values describing the layout:
(typearea)             DIV  = areaset
(typearea)             BCOR = 36.135pt
(typearea)             \paperwidth      = 433.62pt
(typearea)              \textwidth      = 325.215pt
(typearea)              \evensidemargin = -24.09pt
(typearea)              \oddsidemargin  = -12.045pt
(typearea)             \paperheight     = 650.43pt
(typearea)              \textheight     = 488.65999pt
(typearea)              \topmargin      = -48.18pt
(typearea)              \headheight     = 17.0pt
(typearea)              \headsep        = 21.75pt
(typearea)              \topskip        = 12.0pt
(typearea)              \footskip       = 50.75pt
(typearea)              \baselineskip   = 14.5pt
(typearea)              on input line 26.


Class scrbook Warning: Usage of package `fancyhdr' together
(scrbook)              with a KOMA-Script class is not recommended.
(scrbook)              I'd suggest to use 
(scrbook)              package `scrlayer' or `scrlayer-scrpage', because
(scrbook)              they support KOMA-Script classes.
(scrbook)              With `fancyhdr' several features of class `scrbook'
(scrbook)              like options `headsepline', `footsepline' or command
(scrbook)              `\MakeMarkcase' and the commands `\setkomafont' and
(scrbook)              `\addtokomafont' for the page style elements need
(scrbook)              explicite user intervention to work.
(scrbook)              Nevertheless, using requested
(scrbook)              package `fancyhdr' on input line 30.

(/usr/share/texlive/texmf-dist/tex/latex/fancyhdr/fancyhdr.sty
Package: fancyhdr 2021/01/04 v4.0 Extensive control of page headers and footers

\f@nch@headwidth=\skip64
\f@nch@O@elh=\skip65
\f@nch@O@erh=\skip66
\f@nch@O@olh=\skip67
\f@nch@O@orh=\skip68
\f@nch@O@elf=\skip69
\f@nch@O@erf=\skip70
\f@nch@O@olf=\skip71
\f@nch@O@orf=\skip72
)
(/usr/share/texlive/texmf-dist/tex/latex/setspace/setspace.sty
Package: setspace 2011/12/19 v6.7a set line spacing
)
(/usr/share/texlive/texmf-dist/tex/latex/booktabs/booktabs.sty
Package: booktabs 2020/01/12 v1.61803398 Publication quality tables
\heavyrulewidth=\dimen140
\lightrulewidth=\dimen141
\cmidrulewidth=\dimen142
\belowrulesep=\dimen143
\belowbottomsep=\dimen144
\aboverulesep=\dimen145
\abovetopsep=\dimen146
\cmidrulesep=\dimen147
\cmidrulekern=\dimen148
\defaultaddspace=\dimen149
\@cmidla=\count189
\@cmidlb=\count190
\@aboverulesep=\dimen150
\@belowrulesep=\dimen151
\@thisruleclass=\count191
\@lastruleclass=\count192
\@thisrulewidth=\dimen152
)
(/usr/share/texlive/texmf-dist/tex/latex/graphics/graphicx.sty
Package: graphicx 2020/09/09 v1.2b Enhanced LaTeX Graphics (DPC,SPQR)

(/usr/share/texlive/texmf-dist/tex/latex/graphics/graphics.sty
Package: graphics 2020/08/30 v1.4c Standard LaTeX Graphics (DPC,SPQR)

(/usr/share/texlive/texmf-dist/tex/latex/graphics/trig.sty
Package: trig 2016/01/03 v1.10 sin cos tan (DPC)
)
(/usr/share/texlive/texmf-dist/tex/latex/graphics-cfg/graphics.cfg
File: graphics.cfg 2016/06/04 v1.11 sample graphics configuration
)
Package graphics Info: Driver file: pdftex.def on input line 105.

(/usr/share/texlive/texmf-dist/tex/latex/graphics-def/pdftex.def
File: pdftex.def 2020/10/05 v1.2a Graphics/color driver for pdftex
))
\Gin@req@height=\dimen153
\Gin@req@width=\dimen154
)
(/usr/share/texlive/texmf-dist/tex/latex/csquotes/csquotes.sty
Package: csquotes 2021-01-04 v5.2k context-sensitive quotations (JAW)

(/usr/share/texlive/texmf-dist/tex/latex/etoolbox/etoolbox.sty
Package: etoolbox 2020/10/05 v2.5k e-TeX tools for LaTeX (JAW)
\etb@tempcnta=\count193
)
\csq@reset=\count194
\csq@gtype=\count195
\csq@glevel=\count196
\csq@qlevel=\count197
\csq@maxlvl=\count198
\csq@tshold=\count199
\csq@ltx@everypar=\toks16

(/usr/share/texlive/texmf-dist/tex/latex/csquotes/csquotes.def
File: csquotes.def 2021-01-04 v5.2k csquotes generic definitions (JAW)
)
Package csquotes Info: Trying to load configuration file 'csquotes.cfg'...
Package csquotes Info: ... configuration file loaded successfully.

(/usr/share/texlive/texmf-dist/tex/latex/csquotes/csquotes.cfg
File: csquotes.cfg 
))
(/usr/share/texlive/texmf-dist/tex/latex/lipsum/lipsum.sty
(/usr/share/texlive/texmf-dist/tex/latex/l3kernel/expl3.sty
Package: expl3 2021-01-09 L3 programming layer (loader) 

(/usr/share/texlive/texmf-dist/tex/latex/l3backend/l3backend-pdftex.def
File: l3backend-pdftex.def 2020-01-29 L3 backend support: PDF output (pdfTeX)
\l__color_backend_stack_int=\count266
\l__pdf_internal_box=\box49
))
(/usr/share/texlive/texmf-dist/tex/latex/l3packages/xparse/xparse.sty
Package: xparse 2020-10-27 L3 Experimental document command parser

(/usr/share/texlive/texmf-dist/tex/latex/l3packages/xparse/xparse-generic.tex))
Package: lipsum 2019/01/02 v2.2 150 paragraphs of Lorem Ipsum dummy text
(/usr/share/texlive/texmf-dist/tex/latex/lipsum/lipsum.ltd.tex
File: lipsum.ltd.tex 2019/01/02 v2.2 The Lorem ipsum dummy text
))
(/usr/share/texlive/texmf-dist/tex/latex/url/url.sty
\Urlmuskip=\muskip16
Package: url 2013/09/16  ver 3.4  Verb mode for urls, etc.
)
(/usr/share/texlive/texmf-dist/tex/latex/natbib/natbib.sty
Package: natbib 2010/09/13 8.31b (PWD, AO)
\bibhang=\skip73
\bibsep=\skip74
LaTeX Info: Redefining \cite on input line 694.
\c@NAT@ctr=\count267
)
(/usr/share/texlive/texmf-dist/tex/latex/hyperref/hyperref.sty
Package: hyperref 2020-05-15 v7.00e Hypertext links for LaTeX

(/usr/share/texlive/texmf-dist/tex/generic/ltxcmds/ltxcmds.sty
Package: ltxcmds 2020-05-10 v1.25 LaTeX kernel commands for general use (HO)
)
(/usr/share/texlive/texmf-dist/tex/generic/iftex/iftex.sty
Package: iftex 2020/03/06 v1.0d TeX engine tests
)
(/usr/share/texlive/texmf-dist/tex/generic/pdftexcmds/pdftexcmds.sty
Package: pdftexcmds 2020-06-27 v0.33 Utility functions of pdfTeX for LuaTeX (HO
)

(/usr/share/texlive/texmf-dist/tex/generic/infwarerr/infwarerr.sty
Package: infwarerr 2019/12/03 v1.5 Providing info/warning/error messages (HO)
)
Package pdftexcmds Info: \pdf@primitive is available.
Package pdftexcmds Info: \pdf@ifprimitive is available.
Package pdftexcmds Info: \pdfdraftmode found.
)
(/usr/share/texlive/texmf-dist/tex/generic/kvsetkeys/kvsetkeys.sty
Package: kvsetkeys 2019/12/15 v1.18 Key value parser (HO)
)
(/usr/share/texlive/texmf-dist/tex/generic/kvdefinekeys/kvdefinekeys.sty
Package: kvdefinekeys 2019-12-19 v1.6 Define keys (HO)
)
(/usr/share/texlive/texmf-dist/tex/generic/pdfescape/pdfescape.sty
Package: pdfescape 2019/12/09 v1.15 Implements pdfTeX's escape features (HO)
)
(/usr/share/texlive/texmf-dist/tex/latex/hycolor/hycolor.sty
Package: hycolor 2020-01-27 v1.10 Color options for hyperref/bookmark (HO)
)
(/usr/share/texlive/texmf-dist/tex/latex/letltxmacro/letltxmacro.sty
Package: letltxmacro 2019/12/03 v1.6 Let assignment for LaTeX macros (HO)
)
(/usr/share/texlive/texmf-dist/tex/latex/auxhook/auxhook.sty
Package: auxhook 2019-12-17 v1.6 Hooks for auxiliary files (HO)
)
(/usr/share/texlive/texmf-dist/tex/latex/kvoptions/kvoptions.sty
Package: kvoptions 2020-10-07 v3.14 Key value format for package options (HO)
)
\@linkdim=\dimen155
\Hy@linkcounter=\count268
\Hy@pagecounter=\count269

(/usr/share/texlive/texmf-dist/tex/latex/hyperref/pd1enc.def
File: pd1enc.def 2020-05-15 v7.00e Hyperref: PDFDocEncoding definition (HO)
Now handling font encoding PD1 ...
... no UTF-8 mapping file for font encoding PD1
)
(/usr/share/texlive/texmf-dist/tex/generic/intcalc/intcalc.sty
Package: intcalc 2019/12/15 v1.3 Expandable calculations with integers (HO)
)
(/usr/share/texlive/texmf-dist/tex/generic/etexcmds/etexcmds.sty
Package: etexcmds 2019/12/15 v1.7 Avoid name clashes with e-TeX commands (HO)
)
\Hy@SavedSpaceFactor=\count270
Package hyperref Info: Hyper figures OFF on input line 4464.
Package hyperref Info: Link nesting OFF on input line 4469.
Package hyperref Info: Hyper index ON on input line 4472.
Package hyperref Info: Plain pages OFF on input line 4479.
Package hyperref Info: Backreferencing OFF on input line 4484.
Package hyperref Info: Implicit mode ON; LaTeX internals redefined.
Package hyperref Info: Bookmarks ON on input line 4717.
\c@Hy@tempcnt=\count271
LaTeX Info: Redefining \url on input line 5076.
\XeTeXLinkMargin=\dimen156

(/usr/share/texlive/texmf-dist/tex/generic/bitset/bitset.sty
Package: bitset 2019/12/09 v1.3 Handle bit-vector datatype (HO)

(/usr/share/texlive/texmf-dist/tex/generic/bigintcalc/bigintcalc.sty
Package: bigintcalc 2019/12/15 v1.5 Expandable calculations on big integers (HO
)
))
\Fld@menulength=\count272
\Field@Width=\dimen157
\Fld@charsize=\dimen158
Package hyperref Info: Hyper figures OFF on input line 6347.
Package hyperref Info: Link nesting OFF on input line 6352.
Package hyperref Info: Hyper index ON on input line 6355.
Package hyperref Info: backreferencing OFF on input line 6362.
Package hyperref Info: Link coloring OFF on input line 6367.
Package hyperref Info: Link coloring with OCG OFF on input line 6372.
Package hyperref Info: PDF/A mode OFF on input line 6377.
LaTeX Info: Redefining \ref on input line 6417.
LaTeX Info: Redefining \pageref on input line 6421.

(/usr/share/texlive/texmf-dist/tex/latex/base/atbegshi-ltx.sty
Package: atbegshi-ltx 2020/08/17 v1.0a Emulation of the original atbegshi packa
ge
with kernel methods
)
\Hy@abspage=\count273
\c@Item=\count274
\c@Hfootnote=\count275
)
Package hyperref Info: Driver (autodetected): hpdftex.

(/usr/share/texlive/texmf-dist/tex/latex/hyperref/hpdftex.def
File: hpdftex.def 2020-05-15 v7.00e Hyperref driver for pdfTeX

(/usr/share/texlive/texmf-dist/tex/latex/base/atveryend-ltx.sty
Package: atveryend-ltx 2020/08/19 v1.0a Emulation of the original atvery packag
e
with kernel methods
)
\Fld@listcount=\count276
\c@bookmark@seq@number=\count277

(/usr/share/texlive/texmf-dist/tex/latex/rerunfilecheck/rerunfilecheck.sty
Package: rerunfilecheck 2019/12/05 v1.9 Rerun checks for auxiliary files (HO)

(/usr/share/texlive/texmf-dist/tex/generic/uniquecounter/uniquecounter.sty
Package: uniquecounter 2019/12/15 v1.4 Provide unlimited unique counter (HO)
)
Package uniquecounter Info: New unique counter `rerunfilecheck' on input line 2
86.
)
\Hy@SectionHShift=\skip75
)
(/usr/share/texlive/texmf-dist/tex/latex/caption/caption.sty
Package: caption 2020/10/26 v3.5g Customizing captions (AR)

(/usr/share/texlive/texmf-dist/tex/latex/caption/caption3.sty
Package: caption3 2020/10/21 v2.2e caption3 kernel (AR)
\captionmargin=\dimen159
\captionmargin@=\dimen160
\captionwidth=\dimen161
\caption@tempdima=\dimen162
\caption@indent=\dimen163
\caption@parindent=\dimen164
\caption@hangindent=\dimen165
Package caption Info: KOMA-Script document class detected.

(/usr/share/texlive/texmf-dist/tex/latex/caption/caption-koma.sto
File: caption-koma.sto 2020/09/21 v2.0b Adaption of the caption package to the 
KOMA-Script document classes (AR)
))
\c@caption@flags=\count278
\c@continuedfloat=\count279
Package caption Info: hyperref package is loaded.
)
(/usr/share/texlive/texmf-dist/tex/latex/fancyvrb/fancyvrb.sty
Package: fancyvrb 2021/01/20 v3.7 verbatim text (tvz,hv)
\FV@CodeLineNo=\count280
\FV@InFile=\read3
\FV@TabBox=\box50
\c@FancyVerbLine=\count281
\FV@StepNumber=\count282
\FV@OutFile=\write3
)
(/usr/share/texlive/texmf-dist/tex/latex/tools/xspace.sty
Package: xspace 2014/10/28 v1.13 Space after command names (DPC,MH)
)
(/usr/share/texlive/texmf-dist/tex/latex/units/units.sty
Package: units 1998/08/04 v0.9b Typesetting units

(/usr/share/texlive/texmf-dist/tex/latex/base/ifthen.sty
Package: ifthen 2014/09/29 v1.1c Standard LaTeX ifthen package (DPC)
)
(/usr/share/texlive/texmf-dist/tex/latex/units/nicefrac.sty
Package: nicefrac 1998/08/04 v0.9b Nice fractions
\L@UnitsRaiseDisplaystyle=\skip76
\L@UnitsRaiseTextstyle=\skip77
\L@UnitsRaiseScriptstyle=\skip78
))
(/usr/share/texlive/texmf-dist/tex/latex/base/makeidx.sty
Package: makeidx 2014/09/29 v1.0m Standard LaTeX package
)
\@indexfile=\write4
\openout4 = `162-main.idx'.


Writing index file 162-main.idx
Package csquotes Info: Checking for multilingual support...
Package csquotes Info: ... found 'babel' package.
Package csquotes Info: Adjusting default style.
Package csquotes Info: Redefining alias 'default' -> 'danish'.
(./162-main.aux)
\openout1 = `162-main.aux'.

LaTeX Font Info:    Checking defaults for OML/cmm/m/it on input line 192.
LaTeX Font Info:    ... okay on input line 192.
LaTeX Font Info:    Checking defaults for OMS/cmsy/m/n on input line 192.
LaTeX Font Info:    ... okay on input line 192.
LaTeX Font Info:    Checking defaults for OT1/cmr/m/n on input line 192.
LaTeX Font Info:    ... okay on input line 192.
LaTeX Font Info:    Checking defaults for T1/cmr/m/n on input line 192.
LaTeX Font Info:    ... okay on input line 192.
LaTeX Font Info:    Checking defaults for TS1/cmr/m/n on input line 192.
LaTeX Font Info:    ... okay on input line 192.
LaTeX Font Info:    Checking defaults for OMX/cmex/m/n on input line 192.
LaTeX Font Info:    ... okay on input line 192.
LaTeX Font Info:    Checking defaults for U/cmr/m/n on input line 192.
LaTeX Font Info:    ... okay on input line 192.
LaTeX Font Info:    Checking defaults for PD1/pdf/m/n on input line 192.
LaTeX Font Info:    ... okay on input line 192.

(/usr/share/texlive/texmf-dist/tex/context/base/mkii/supp-pdf.mkii
[Loading MPS to PDF converter (version 2006.09.02).]
\scratchcounter=\count283
\scratchdimen=\dimen166
\scratchbox=\box51
\nofMPsegments=\count284
\nofMParguments=\count285
\everyMPshowfont=\toks17
\MPscratchCnt=\count286
\MPscratchDim=\dimen167
\MPnumerator=\count287
\makeMPintoPDFobject=\count288
\everyMPtoPDFconversion=\toks18
) (/usr/share/texlive/texmf-dist/tex/latex/epstopdf-pkg/epstopdf-base.sty
Package: epstopdf-base 2020-01-24 v2.11 Base part for package epstopdf
Package epstopdf-base Info: Redefining graphics rule for `.eps' on input line 4
85.

(/usr/share/texlive/texmf-dist/tex/latex/latexconfig/epstopdf-sys.cfg
File: epstopdf-sys.cfg 2010/07/13 v1.3 Configuration of (r)epstopdf for TeX Liv
e
))
Package hyperref Info: Link coloring OFF on input line 192.

(/usr/share/texlive/texmf-dist/tex/latex/hyperref/nameref.sty
Package: nameref 2019/09/16 v2.46 Cross-referencing by name of section

(/usr/share/texlive/texmf-dist/tex/latex/refcount/refcount.sty
Package: refcount 2019/12/15 v3.6 Data extraction from label references (HO)
)
(/usr/share/texlive/texmf-dist/tex/generic/gettitlestring/gettitlestring.sty
Package: gettitlestring 2019/12/15 v1.6 Cleanup title references (HO)
)
\c@section@level=\count289
)
LaTeX Info: Redefining \ref on input line 192.
LaTeX Info: Redefining \pageref on input line 192.
LaTeX Info: Redefining \nameref on input line 192.

(./162-main.out) (./162-main.out)
\@outlinefile=\write5
\openout5 = `162-main.out'.

Class scrbook Info: loading recommended package `bookmark'.
(scrbook)           Using `bookmark' together with `hyperref' is recommended,
(scrbook)           because of handling of possible bookmark level gaps.
(scrbook)           You can avoid loading `bookmark' with KOMA-Script option
(scrbook)           `bookmarkpackage=false' before \begin{document} and
(scrbook)           you can avoid this message adding:
(scrbook)             \usepackage{bookmark}
(scrbook)           before \begin{document} on input line 192.

(/usr/share/texlive/texmf-dist/tex/latex/bookmark/bookmark.sty
Package: bookmark 2020-11-06 v1.29 PDF bookmarks (HO)

(/usr/share/texlive/texmf-dist/tex/latex/bookmark/bkm-pdftex.def
File: bkm-pdftex.def 2020-11-06 v1.29 bookmark driver for pdfTeX (HO)
\BKM@id=\count290
))
Package caption Info: Begin \AtBeginDocument code.
Package caption Info: End \AtBeginDocument code.
LaTeX Font Info:    External font `cmex10' loaded for size
(Font)              <17.28> on input line 202.
LaTeX Font Info:    External font `cmex10' loaded for size
(Font)              <12> on input line 202.
 [1





{/var/lib/texmf/fonts/map/pdftex/updmap/pdftex.map}]
<assets/images/cc-by-sa.pdf, id=13, 66.2475pt x 23.33719pt>
File: assets/images/cc-by-sa.pdf Graphic file (type pdf)
<use assets/images/cc-by-sa.pdf>
Package pdftex.def Info: assets/images/cc-by-sa.pdf  used on input line 202.
(pdftex.def)             Requested size: 56.90602pt x 20.04642pt.
LaTeX Font Info:    External font `cmex10' loaded for size
(Font)              <7> on input line 202.
LaTeX Font Info:    External font `cmex10' loaded for size
(Font)              <5> on input line 202.


Package hyperref Warning: Ignoring empty anchor on input line 202.

[2

 <./assets/images/cc-by-sa.pdf>] [3




] [4


] [5] [6] [7] [8


] (./162-main.toc
[9]
Overfull \hbox (2.03766pt too wide) detected at line 44
 \OT1/cmr/bx/n/12 101
 []


Overfull \hbox (2.03766pt too wide) detected at line 46
 \OT1/cmr/bx/n/12 103
 []


Overfull \hbox (2.03766pt too wide) detected at line 48
 \OT1/cmr/bx/n/12 107
 []


Overfull \hbox (6.08763pt too wide) detected at line 50
 \OT1/cmr/bx/n/14.4 115
 []


Overfull \hbox (2.03766pt too wide) detected at line 51
 \OT1/cmr/bx/n/12 143
 []

)
\tf@toc=\write6
\openout6 = `162-main.toc'.

 [10]
LaTeX Font Info:    External font `cmex10' loaded for size
(Font)              <8> on input line 254.
LaTeX Font Info:    External font `cmex10' loaded for size
(Font)              <6> on input line 254.
 [11


] [12] [13] [14


] [15] [16


] [1


] [2] [3] [4


]
<assets/images/the-tweet.png, id=182, 480.79625pt x 377.41pt>
File: assets/images/the-tweet.png Graphic file (type png)
<use assets/images/the-tweet.png>
Package pdftex.def Info: assets/images/the-tweet.png  used on input line 310.
(pdftex.def)             Requested size: 199.17458pt x 156.3458pt.

Underfull \vbox (badness 10000) has occurred while \output is active []

 [5]
[6 <./assets/images/the-tweet.png>]
<assets/images/bitcoin-orange-pill.jpg, id=204, 1927.2pt x 1084.05pt>
File: assets/images/bitcoin-orange-pill.jpg Graphic file (type jpg)
<use assets/images/bitcoin-orange-pill.jpg>
Package pdftex.def Info: assets/images/bitcoin-orange-pill.jpg  used on input l
ine 332.
(pdftex.def)             Requested size: 325.20833pt x 182.92967pt.
 [7] [8 <./assets/images/bitcoin-orange-pill.jpg>]
part I.
Package scrkbase Info: You've told me to use the font selection of the element
(scrkbase)             `partprefix' that is an alias of element `partnumber'
(scrkbase)              on input line 348.
[9


] [10]
<assets/images/blind-monks.jpg, id=224, 302.43832pt x 219.13644pt>
File: assets/images/blind-monks.jpg Graphic file (type jpg)
<use assets/images/blind-monks.jpg>
Package pdftex.def Info: assets/images/blind-monks.jpg  used on input line 357.

(pdftex.def)             Requested size: 325.21176pt x 235.63728pt.

Underfull \vbox (badness 10000) has occurred while \output is active []

 [11


]
[12 <./assets/images/blind-monks.jpg>] [13] [14


]
chapter 1.
[15] [16] [17] [18


]
chapter 2.
[19] [20]
chapter 3.
[21


]

Package hyperref Warning: Suppressing empty link on input line 489.


Package hyperref Warning: Suppressing empty link on input line 489.

[22]
chapter 4.

Package hyperref Warning: Suppressing empty link on input line 520.


Package hyperref Warning: Suppressing empty link on input line 520.

[23


]
Overfull \hbox (14.15648pt too wide) in paragraph at lines 525--526
[]\OT1/cmr/m/n/12 Kryptovalutaer, is^^Zr si-den den f^^\rste om-strid-te h^^War
de-forgrening,
 []

[24]
chapter 5.
[25


] [26]
chapter 6.

Overfull \hbox (9.6433pt too wide) in paragraph at lines 582--582
[][]  \OT1/cmr/m/n/12 Kon-gres-sen m^^Wa ik-ke ved-ta-ge no-gen lov, der vedr^^
\rer
 []


Overfull \hbox (3.72542pt too wide) in paragraph at lines 582--582
\OT1/cmr/m/n/12 ud^^\velse; el-ler ind-skr^^Zn-ker yt-rings-fri-he-den, el-ler 
pres-
 []

[27


]

Package hyperref Warning: Suppressing empty link on input line 586.


Overfull \hbox (13.22964pt too wide) in paragraph at lines 586--586
[][]  \OT1/cmr/m/n/12 Der er ik-ke no-get tids-punkt i en Bitcoin-transaktion,
 []

[28]
chapter 7.
<assets/images/rabbit-hole-bottomless.png, id=402, 401.5pt x 402.50375pt>
File: assets/images/rabbit-hole-bottomless.png Graphic file (type png)
<use assets/images/rabbit-hole-bottomless.png>
Package pdftex.def Info: assets/images/rabbit-hole-bottomless.png  used on inpu
t line 624.
(pdftex.def)             Requested size: 199.17502pt x 199.67296pt.
[29


] [30 <./assets/images/rabbit-hole-bottomless.png>]
part II.
Package scrkbase Info: You've told me to use the font selection of the element
(scrkbase)             `partprefix' that is an alias of element `partnumber'
(scrkbase)              on input line 649.
[31


] [32]
Underfull \vbox (badness 10000) has occurred while \output is active []

 [33


]
[34]
chapter 8.

Overfull \hbox (3.84686pt too wide) in paragraph at lines 684--684
 [] \OT1/cmr/m/n/12 Som fem^^Warig be-gynd-te jeg at stil-le mig selv en mas-se
 sp^^\rgsm^^Wal:
 []

[35


]
Underfull \hbox (badness 2478) in paragraph at lines 688--688
  [][][]\OT1/cmr/m/n/10 Aaron (\OT1/cmtt/m/n/10 @aarontaycc\OT1/cmr/m/n/10 , \O
T1/cmtt/m/n/10 @fiatminimalist\OT1/cmr/m/n/10 ), twe-et fra 12. de-cem-ber
 []


Overfull \hbox (8.38934pt too wide) in paragraph at lines 694--694
\OT1/cmr/m/n/12 en-del^^\s s^^\gen ef-ter vi-den. Det er n^^\dvendigvis p^^Wavi
rket
 []

[36]

Package hyperref Warning: Suppressing empty link on input line 701.

[37] [38]
chapter 9.

Overfull \hbox (5.77046pt too wide) in paragraph at lines 725--726
\OT1/cmr/m/n/12 ikke-inflation^^Zrt sy-stem som Bitco-in kan ^^Zn-dre den m^^Wa
de, hvorp^^Wa
 []

[39


]
<assets/images/children-playing-with-money.png, id=507, 1053.9375pt x 381.425pt
>
File: assets/images/children-playing-with-money.png Graphic file (type png)
<use assets/images/children-playing-with-money.png>
Package pdftex.def Info: assets/images/children-playing-with-money.png  used on
 input line 735.
(pdftex.def)             Requested size: 325.22165pt x 117.69925pt.
 [40] [41 <./assets/images/children-playing-with-money.png>] [42] [43]
[44


]
chapter 10.
[45]
Overfull \hbox (16.31142pt too wide) in paragraph at lines 814--814
 []\OT1/cmr/bx/n/12 Bitcoin l^^Zr-te mig, at v^^Zr-di er sub-jek-tiv, men ik-ke
 vilk^^Warlig.[] 
 []

[46]
chapter 11.
[47


] [48] [49] [50


]
chapter 12.
[51]
<assets/images/fiat-definition.png, id=642, 457.71pt x 143.53625pt>
File: assets/images/fiat-definition.png Graphic file (type png)
<use assets/images/fiat-definition.png>
Package pdftex.def Info: assets/images/fiat-definition.png  used on input line 
862.
(pdftex.def)             Requested size: 227.61826pt x 71.38028pt.

Overfull \hbox (0.31773pt too wide) in paragraph at lines 860--866
[]\OT1/cmr/m/n/12 V^^Zrdien af fiat-penge stam-mer ik-ke fra de-res ind-byg-ge-
de egen-
 []


Overfull \hbox (15.17036pt too wide) in paragraph at lines 860--866
\OT1/cmr/m/n/12 der dr^^\mmer dem frem. De-res v^^Zr-di p^^Wal^^Zgges ved de-kr
et, vilk^^Warligt. 
 []

[52 <./assets/images/fiat-definition.png>]
<assets/images/lydian-coin-stater.png, id=657, 301.125pt x 239.89626pt>
File: assets/images/lydian-coin-stater.png Graphic file (type png)
<use assets/images/lydian-coin-stater.png>
Package pdftex.def Info: assets/images/lydian-coin-stater.png  used on input li
ne 871.
(pdftex.def)             Requested size: 142.26852pt x 113.34059pt.

Overfull \hbox (4.33437pt too wide) in paragraph at lines 878--879
\OT1/cmr/m/n/12 sen. Folk bar-be-re-de bog-sta-ve-ligt talt s^^Wa me-get af de-
res s^^\lvdollars,
 []

<assets/images/clipped-coins.png, id=658, 1474.50874pt x 707.64375pt>
File: assets/images/clipped-coins.png Graphic file (type png)
<use assets/images/clipped-coins.png>
Package pdftex.def Info: assets/images/clipped-coins.png  used on input line 88
1.
(pdftex.def)             Requested size: 325.2029pt x 156.07082pt.

Overfull \hbox (6.09685pt too wide) in paragraph at lines 880--885
\OT1/cmr/m/n/12 devaluering. P^^Wa klas-sisk politi-og-r^^\ver-man^^Ser blev m^
^\ntklipperne
 []


Overfull \hbox (3.65103pt too wide) in paragraph at lines 880--885
\OT1/cmr/m/n/12 m^^\nterne, som sta-dig fin-des i dag. Ti-den med nem m^^\ntbar
bering
 []


Underfull \vbox (badness 4582) has occurred while \output is active []

 [53 <./assets/images/lydian-coin-stater.png>]
<assets/images/joachimsthaler.png, id=668, 935.495pt x 935.495pt>
File: assets/images/joachimsthaler.png Graphic file (type png)
<use assets/images/joachimsthaler.png>
Package pdftex.def Info: assets/images/joachimsthaler.png  used on input line 8
90.
(pdftex.def)             Requested size: 142.25952pt x 142.25952pt.
 [54 <./assets/images/clipped-coins.png>]
<assets/images/us-silver-dollar-note-smaller.png, id=680, 1280.785pt x 551.0587
5pt>
File: assets/images/us-silver-dollar-note-smaller.png Graphic file (type png)
<use assets/images/us-silver-dollar-note-smaller.png>
Package pdftex.def Info: assets/images/us-silver-dollar-note-smaller.png  used 
on input line 899.
(pdftex.def)             Requested size: 325.19852pt x 139.9169pt.

Underfull \vbox (badness 2384) has occurred while \output is active []

 [55 <./assets/images/joachimsthaler.png>]
<assets/images/us-gold-cert-100-smaller.png, id=692, 1269.74374pt x 551.05875pt
>
File: assets/images/us-gold-cert-100-smaller.png Graphic file (type png)
<use assets/images/us-gold-cert-100-smaller.png>
Package pdftex.def Info: assets/images/us-gold-cert-100-smaller.png  used on in
put line 912.
(pdftex.def)             Requested size: 325.2044pt x 141.13614pt.
 [56 <./assets/images/us-silver-dollar-note-smaller.png>]
<assets/images/us-dollar-2004.jpg, id=698, 1283.79625pt x 551.05875pt>
File: assets/images/us-dollar-2004.jpg Graphic file (type jpg)
<use assets/images/us-dollar-2004.jpg>
Package pdftex.def Info: assets/images/us-dollar-2004.jpg  used on input line 9
23.
(pdftex.def)             Requested size: 325.19911pt x 139.58897pt.

Overfull \hbox (10.82735pt too wide) in paragraph at lines 921--927
[]\OT1/cmr/m/n/12 Afskaffelsen af guld-stan-dar-den i 1971 ful-dend-te det-te ^
^Warhundred-
 []


Underfull \vbox (badness 10000) has occurred while \output is active []

 [57 <./assets/images/us-gold-cert-100-smaller.png>] [58 <./assets/images/us-do
llar-2004.jpg>]
chapter 13.
[59


]

Package hyperref Warning: Suppressing empty link on input line 956.


Package hyperref Warning: Suppressing empty link on input line 956.

[60]
<assets/images/money-multiplier.png, id=729, 779.91376pt x 444.66125pt>
File: assets/images/money-multiplier.png Graphic file (type png)
<use assets/images/money-multiplier.png>
Package pdftex.def Info: assets/images/money-multiplier.png  used on input line
 967.
(pdftex.def)             Requested size: 325.21715pt x 185.4198pt.
 [61 <./assets/images/money-multiplier.png>]
<assets/images/bsg.jpg, id=741, 1284.8pt x 722.7pt>
File: assets/images/bsg.jpg Graphic file (type jpg)
<use assets/images/bsg.jpg>
Package pdftex.def Info: assets/images/bsg.jpg  used on input line 978.
(pdftex.def)             Requested size: 325.21812pt x 182.93518pt.
 [62 <./assets/images/bsg.jpg>] [63] [64


]
chapter 14.
[65]
<assets/images/you-are-here.png, id=775, 1510.64375pt x 761.84625pt>
File: assets/images/you-are-here.png Graphic file (type png)
<use assets/images/you-are-here.png>
Package pdftex.def Info: assets/images/you-are-here.png  used on input line 102
8.
(pdftex.def)             Requested size: 325.19699pt x 164.00299pt.

Underfull \vbox (badness 10000) has occurred while \output is active []

 [66]
[67 <./assets/images/you-are-here.png>]
Underfull \vbox (badness 3168) has occurred while \output is active []

 [68]
<assets/images/stock-to-flow-white-cropped.png, id=812, 2351.78625pt x 891.33pt
>
File: assets/images/stock-to-flow-white-cropped.png Graphic file (type png)
<use assets/images/stock-to-flow-white-cropped.png>
Package pdftex.def Info: assets/images/stock-to-flow-white-cropped.png  used on
 input line 1066.
(pdftex.def)             Requested size: 325.1928pt x 123.24847pt.
<assets/images/soundness-over-time.png, id=813, 600.2425pt x 371.3875pt>
File: assets/images/soundness-over-time.png Graphic file (type png)
<use assets/images/soundness-over-time.png>
Package pdftex.def Info: assets/images/soundness-over-time.png  used on input l
ine 1072.
(pdftex.def)             Requested size: 325.22519pt x 201.22629pt.

[69] [70 <./assets/images/stock-to-flow-white-cropped.png>] [71 <./assets/image
s/soundness-over-time.png>] [72]
part III.
Package scrkbase Info: You've told me to use the font selection of the element
(scrkbase)             `partprefix' that is an alias of element `partnumber'
(scrkbase)              on input line 1118.
[73


] [74]
Overfull \hbox (5.48618pt too wide) in paragraph at lines 1122--1122
\OT1/cmr/m/it/12 de hun til sig selv. S^^Wa tog hun den lil-le guldn^^\gle
 []


Underfull \vbox (badness 2197) has occurred while \output is active []

 [75


]
[76]
chapter 15.

Overfull \hbox (5.08713pt too wide) in paragraph at lines 1149--1150
\OT1/cmr/m/n/12 gyn-der vo-res in-tu-i-tion al-le-re-de at svig-te med tal i de
n-ne st^^\rrelses-
 []

[77


]
<assets/images/xkcd-1225.png, id=884, 742.775pt x 398.48875pt>
File: assets/images/xkcd-1225.png Graphic file (type png)
<use assets/images/xkcd-1225.png>
Package pdftex.def Info: assets/images/xkcd-1225.png  used on input line 1156.
(pdftex.def)             Requested size: 325.22394pt x 174.47824pt.
 [78 <./assets/images/xkcd-1225.png>]
Overfull \hbox (8.67737pt too wide) in paragraph at lines 1170--1170
\OT1/cmr/m/n/12 de-cil-li-o-ner 237 un-de-cil-li-o-ner 316 de-cil-li-o-ner 195 
novem-
 []

[79]
<assets/images/youtube-vid-inverted.png, id=911, 1282.7925pt x 717.68124pt>
File: assets/images/youtube-vid-inverted.png Graphic file (type png)
<use assets/images/youtube-vid-inverted.png>
Package pdftex.def Info: assets/images/youtube-vid-inverted.png  used on input 
line 1175.
(pdftex.def)             Requested size: 325.19931pt x 181.93858pt.
 [80 <./assets/images/youtube-vid-inverted.png>]
<assets/images/xkcd-538.png, id=930, 404.712pt x 247.52475pt>
File: assets/images/xkcd-538.png Graphic file (type png)
<use assets/images/xkcd-538.png>
Package pdftex.def Info: assets/images/xkcd-538.png  used on input line 1187.
(pdftex.def)             Requested size: 227.62523pt x 139.21721pt.

Overfull \hbox (0.25247pt too wide) in paragraph at lines 1185--1191
[]\OT1/cmr/m/n/12 Bitcoins skat-teki-ste er me-get an-der-le-des. Den er sik-re
t af st^^Zrk
 []

[81]
<assets/images/elliptic-curve-examples.png, id=947, 1284.8pt x 389.455pt>
File: assets/images/elliptic-curve-examples.png Graphic file (type png)
<use assets/images/elliptic-curve-examples.png>
Package pdftex.def Info: assets/images/elliptic-curve-examples.png  used on inp
ut line 1201.
(pdftex.def)             Requested size: 325.21812pt x 98.58174pt.
 [82 <./assets/images/xkcd-538.png>] [83 <./assets/images/elliptic-curve-exampl
es.png>] [84


]
chapter 16.

Package hyperref Warning: Suppressing empty link on input line 1240.


Overfull \hbox (2.16725pt too wide) in paragraph at lines 1240--1240
[][]  \OT1/cmr/m/n/12 Det grund-l^^Zg-gen-de pro-blem med kon-ven-tio-nel va-
 []

[85]
<assets/images/ken-thompson-hack.png, id=982, 1183.42125pt x 838.13126pt>
File: assets/images/ken-thompson-hack.png Graphic file (type png)
<use assets/images/ken-thompson-hack.png>
Package pdftex.def Info: assets/images/ken-thompson-hack.png  used on input lin
e 1253.
(pdftex.def)             Requested size: 325.21613pt x 230.32695pt.
 [86] [87 <./assets/images/ken-thompson-hack.png>]
<assets/images/stealthy-hardware-trojan.png, id=999, 999.735pt x 299.1175pt>
File: assets/images/stealthy-hardware-trojan.png Graphic file (type png)
<use assets/images/stealthy-hardware-trojan.png>
Package pdftex.def Info: assets/images/stealthy-hardware-trojan.png  used on in
put line 1262.
(pdftex.def)             Requested size: 325.21512pt x 97.30331pt.
 [88]
Overfull \hbox (0.90523pt too wide) in paragraph at lines 1273--1274
\OT1/cmr/m/n/12 eller-^^Zgget\ op-start-s-pro-blem, som Ken Thomp-sons ha-ck s^
^Wa glim-
 []

[89 <./assets/images/stealthy-hardware-trojan.png>]
<assets/images/guix-bootstrap-dependencies.png, id=1025, 931.48pt x 262.9825pt>

File: assets/images/guix-bootstrap-dependencies.png Graphic file (type png)
<use assets/images/guix-bootstrap-dependencies.png>
Package pdftex.def Info: assets/images/guix-bootstrap-dependencies.png  used on
 input line 1276.
(pdftex.def)             Requested size: 325.21272pt x 91.81651pt.

Overfull \hbox (4.8913pt too wide) in paragraph at lines 1281--1282
\OT1/cmr/m/n/12 and-syn-ligt, at al-le software-tegneb^^\ger, al-le hardware-te
gneb^^\ger,
 []


Overfull \hbox (9.13431pt too wide) in paragraph at lines 1281--1282
\OT1/cmr/m/n/12 al-le kryp-to-gra-fi-ske bi-bli-o-te-ker, al-le knudepunkts-imp
lementeringer
 []

[90 <./assets/images/guix-bootstrap-dependencies.png>] [91] [92


]
chapter 17.
<assets/images/bitcoin-whitepaper-timestamp-wide.png, id=1050, 1381.16pt x 372.
39125pt>
File: assets/images/bitcoin-whitepaper-timestamp-wide.png Graphic file (type pn
g)
<use assets/images/bitcoin-whitepaper-timestamp-wide.png>
Package pdftex.def Info: assets/images/bitcoin-whitepaper-timestamp-wide.png  u
sed on input line 1323.
(pdftex.def)             Requested size: 325.20488pt x 87.68242pt.
[93 <./assets/images/bitcoin-whitepaper-timestamp-wide.png>] [94] [95] [96


]
chapter 18.

Overfull \hbox (3.24223pt too wide) in paragraph at lines 1375--1375
[][]  \OT1/cmr/m/n/12 Man-ge men-ne-sker af-vi-ser au-to-ma-tisk e-valuta som
 []

[97]
Overfull \hbox (4.85242pt too wide) in paragraph at lines 1385--1385
[]\OT1/cmr/m/n/12 Modstandsdygtighed er en af de vig-tig-ste egen-ska-ber ved B
itco-
 []

[98]
Underfull \vbox (badness 10000) has occurred while \output is active []

 [99]
Overfull \hbox (5.34824pt too wide) in paragraph at lines 1396--1397
\OT1/cmr/m/n/12 open sour-ce og den frie softwa-re-bev^^Z-gel-se. Som Sa-tos-hi
 p^^Wapegede,
 []

[100]
chapter 19.
<assets/images/nope.png, id=1127, 3613.5pt x 907.39pt>
File: assets/images/nope.png Graphic file (type png)
<use assets/images/nope.png>
Package pdftex.def Info: assets/images/nope.png  used on input line 1435.
(pdftex.def)             Requested size: 325.20097pt x 81.66158pt.

Overfull \hbox (0.76924pt too wide) in paragraph at lines 1440--1440
[][]  \OT1/cmr/m/n/12 Kryp-te-ring vir-ker. Kor-rekt im-ple-men-te-re-de, st^^Z
r-
 []

[101


] [102 <./assets/images/nope.png>]
chapter 20.

Package hyperref Warning: Suppressing empty link on input line 1473.


Package hyperref Warning: Suppressing empty link on input line 1473.


Package hyperref Warning: Suppressing empty link on input line 1473.


Overfull \hbox (9.39932pt too wide) in paragraph at lines 1473--1473
\OT1/cmr/m/n/12 tion kun har kend-skab til det, der er di-rek-te n^^\dvendigt
 []


Underfull \vbox (badness 1226) has occurred while \output is active []

 [103


]
<assets/images/bitcoin-code-white.png, id=1161, 905.3825pt x 572.1375pt>
File: assets/images/bitcoin-code-white.png Graphic file (type png)
<use assets/images/bitcoin-code-white.png>
Package pdftex.def Info: assets/images/bitcoin-code-white.png  used on input li
ne 1479.
(pdftex.def)             Requested size: 325.20526pt x 205.50664pt.

[104] [105 <./assets/images/bitcoin-code-white.png>] [106


]
chapter 21.
<assets/images/tech-adoption.png, id=1193, 1188.44pt x 800.9925pt>
File: assets/images/tech-adoption.png Graphic file (type png)
<use assets/images/tech-adoption.png>
Package pdftex.def Info: assets/images/tech-adoption.png  used on input line 15
16.
(pdftex.def)             Requested size: 325.21715pt x 219.19196pt.
<assets/images/mobile-phone.png, id=1196, 2055.68pt x 662.475pt>
File: assets/images/mobile-phone.png Graphic file (type png)
<use assets/images/mobile-phone.png>
Package pdftex.def Info: assets/images/mobile-phone.png  used on input line 152
4.
(pdftex.def)             Requested size: 325.2142pt x 104.80536pt.
[107] [108 <./assets/images/tech-adoption.png>] [109 <./assets/images/mobile-ph
one.png>]
<assets/images/internet-evolution-white-dates.png, id=1240, 2148.025pt x 1284.8
pt>
File: assets/images/internet-evolution-white-dates.png Graphic file (type png)
<use assets/images/internet-evolution-white-dates.png>
Package pdftex.def Info: assets/images/internet-evolution-white-dates.png  used
 on input line 1539.
(pdftex.def)             Requested size: 325.20526pt x 194.51529pt.
<assets/images/running-bitcoin.png, id=1245, 624.3325pt x 261.97874pt>
File: assets/images/running-bitcoin.png Graphic file (type png)
<use assets/images/running-bitcoin.png>
Package pdftex.def Info: assets/images/running-bitcoin.png  used on input line 
1546.
(pdftex.def)             Requested size: 227.6175pt x 95.5115pt.
 [110 <./assets/images/internet-evolution-white-dates.png>]
<assets/images/lnd-growth-lopp-white.png, id=1255, 2096.83376pt x 974.64125pt>
File: assets/images/lnd-growth-lopp-white.png Graphic file (type png)
<use assets/images/lnd-growth-lopp-white.png>
Package pdftex.def Info: assets/images/lnd-growth-lopp-white.png  used on input
 line 1554.
(pdftex.def)             Requested size: 325.19785pt x 151.15706pt.

Underfull \hbox (badness 1655) in paragraph at lines 1555--1555
[][]|\OT1/cmr/m/n/12 Lightning-netv^^Zrket, ja-nu-ar 2018 vs. de-cem-ber
 []

[111 <./assets/images/running-bitcoin.png>] [112 <./assets/images/lnd-growth-lo
pp-white.png>] [113] [114


]
part without number
[115] [116]
Overfull \hbox (10.24402pt too wide) in paragraph at lines 1606--1607
[]\OT1/cmr/m/n/12 Som n^^Zvnt i be-gyn-del-sen tror jeg, at et-hvert svar p^^Wa
 sp^^\rgsm^^Walet
 []

[117


] [118] [119] [120


]
Overfull \hbox (15.20091pt too wide) in paragraph at lines 1635--1635
[]\OT1/cmr/m/n/12 Tak til Sai-fe-de-an Am-mous for hans over-be-vis-nin-ger, n^
^Wadesl^^\se
 []

[121


] [122] (./162-main.lof
Overfull \hbox (10.12526pt too wide) in paragraph at lines 26--26
 \OT1/cmr/m/n/12 ri-kan-ske cen-tral-bank (Fe-de-ral Re-ser-ve), mens \OT1/cmr/
m/it/12 Bitco- 
 []


Underfull \vbox (badness 10000) has occurred while \output is active []

 [123


]
[124])
\tf@lof=\write7
\openout7 = `162-main.lof'.

 [125] [126


]
Overfull \hbox (0.67885pt too wide) in paragraph at lines 1644--1644
 [] \OT1/cmr/m/n/12 Den-ne bi-bli-o-gra-fi in-klu-de-rer en r^^Zk-ke b^^\ger, a
r-tik-ler og online-
 []

(./162-main.bbl [127] [128


]
Underfull \hbox (badness 4454) in paragraph at lines 10--15
[]\OT1/cmr/m/n/12 Saifedean Am-mous.  Pre-sen-ta-tion on the bitco-in
 []


Underfull \hbox (badness 10000) in paragraph at lines 10--15
\OT1/cmr/m/n/12 stan-dard.  []$\OT1/cmtt/m/n/12 https : / / www . bayernlb . de
 / internet /
 []


Underfull \hbox (badness 10000) in paragraph at lines 10--15
\OT1/cmtt/m/n/12 media / de / ir / downloads _ 1 / bayernlb _ research /
 []


Underfull \hbox (badness 10000) in paragraph at lines 10--15
\OT1/cmtt/m/n/12 sonderpublikationen _ 1 / bitcoin _ munich _ may _ 28 . pdf$[]
\OT1/cmr/m/n/12 ,
 []


Underfull \hbox (badness 1107) in paragraph at lines 27--32
\OT1/cmr/m/n/12 tu-re of the in-ter-net - in-tro-duction: A call to cryp-
 []


Underfull \hbox (badness 6016) in paragraph at lines 27--32
\OT1/cmr/m/n/12 to-grap-hic arms.  []$\OT1/cmtt/m/n/12 https : / / cryptome . o
rg / 2012 / 12 /
 []


Underfull \hbox (badness 10000) in paragraph at lines 38--43
[]\OT1/cmr/m/n/12 Beautyon.  Why ame-ri-ca can't re-gu-la-
 []


Underfull \hbox (badness 10000) in paragraph at lines 38--43
\OT1/cmr/m/n/12 te bitco-in.  []$\OT1/cmtt/m/n/12 https : / / hackernoon . com 
/
 []


Underfull \hbox (badness 10000) in paragraph at lines 38--43
\OT1/cmtt/m/n/12 why-[]america-[]cant-[]regulate-[]bitcoin-[]8c77cee8d794$[]\OT
1/cmr/m/n/12 ,
 []


Underfull \hbox (badness 10000) in paragraph at lines 45--50
[]\OT1/cmr/m/n/12 Beautyon.  Bitco-in is. and that is
 []


Underfull \hbox (badness 10000) in paragraph at lines 45--50
\OT1/cmr/m/n/12 enough.  []$\OT1/cmtt/m/n/12 https : / / hackernoon . com /
 []


Underfull \hbox (badness 10000) in paragraph at lines 45--50
\OT1/cmtt/m/n/12 bitcoin-[]is-[]and-[]that-[]is-[]enough-[]e3116870eed1$[]\OT1/
cmr/m/n/12 ,
 []

[129]
Underfull \hbox (badness 1688) in paragraph at lines 63--68
[]\OT1/cmr/m/n/12 Jeff Bezos.  To our sha-re-hol-ders.  []$\OT1/cmtt/m/n/12 htt
p : / / media .
 []


Underfull \hbox (badness 10000) in paragraph at lines 63--68
\OT1/cmtt/m/n/12 corporate-[]ir . net / media _ files / irol / 97 / 97664 /
 []


Underfull \hbox (badness 1043) in paragraph at lines 84--89
[]\OT1/cmr/m/n/12 Bitcoin Wiki con-tri-bu-tors.  Ge-ne-sis blo-ck --- Bitco-
 []

[130]
Underfull \hbox (badness 10000) in paragraph at lines 115--120
\OT1/cmtt/m/n/12 what-[]is-[]it-[]like-[]to-[]be-[]a-[]bitcoin-[]56109f3e6753$[
]\OT1/cmr/m/n/12 ,
 []


Underfull \hbox (badness 10000) in paragraph at lines 122--126
[]\OT1/cmr/m/n/12 Guix Con-tri-bu-tors.  Gu-ix --- boot-strap-ping.
 []


Underfull \hbox (badness 10000) in paragraph at lines 122--126
[]$\OT1/cmtt/m/n/12 https : / / guix . gnu . org / manual / en / html _ node /
 []


Underfull \hbox (badness 2027) in paragraph at lines 140--145
[]\OT1/cmr/m/n/12 Jeff Desjar-dins.  The ri-sing spe-ed of te-ch-no-lo-gi-cal
 []


Underfull \hbox (badness 10000) in paragraph at lines 140--145
\OT1/cmr/m/n/12 adop-tion.  []$\OT1/cmtt/m/n/12 https : / / www . visualcapital
ist . com /
 []


Underfull \hbox (badness 10000) in paragraph at lines 140--145
\OT1/cmtt/m/n/12 rising-[]speed-[]technological-[]adoption/$[]\OT1/cmr/m/n/12 ,
 Fe-bru-ary
 []


Underfull \hbox (badness 10000) in paragraph at lines 161--166
\OT1/cmtt/m/n/12 index . php ? topic = 4994 . msg140770 # msg140770$[]\OT1/cmr/
m/n/12 , May
 []

[131]
Underfull \hbox (badness 10000) in paragraph at lines 168--173
[]\OT1/cmr/m/n/12 Electronic Fron-ti-er Fo-un-da-tion.  The cryp-to
 []


Underfull \hbox (badness 10000) in paragraph at lines 168--173
\OT1/cmr/m/n/12 wars:governments wor-king to un-der-mi-ne en-cryp-
 []


Underfull \hbox (badness 10000) in paragraph at lines 168--173
\OT1/cmr/m/n/12 tion.  []$\OT1/cmtt/m/n/12 https : / / www . eff . org / files 
/ 2014 / 01 / 03 /
 []


Underfull \hbox (badness 10000) in paragraph at lines 180--185
[]\OT1/cmr/m/n/12 William Gib-son.  The sci-en-ce in sci-en-ce fi-
 []


Underfull \hbox (badness 4279) in paragraph at lines 180--185
\OT1/cmr/m/n/12 ction.  []$\OT1/cmtt/m/n/12 https : / / www . npr . org / 2018 
/ 10 / 22 / 1067220 /
 []


Underfull \hbox (badness 7963) in paragraph at lines 187--191
[]\OT1/cmr/m/n/12 Gigi.  Bitco-in's ener-gy consump-tion -- a shift
 []


Underfull \hbox (badness 2941) in paragraph at lines 187--191
\OT1/cmr/m/n/12 in per-specti-ve.  []$\OT1/cmtt/m/n/12 https : / / dergigi . co
m / 2018 / 06 / 10 /
 []


Underfull \hbox (badness 5022) in paragraph at lines 193--198
[]\OT1/cmr/m/n/12 Gigi.  The magic dust of cryp-to-grap-hy -- how
 []


Underfull \hbox (badness 10000) in paragraph at lines 193--198
\OT1/cmr/m/n/12 di-gi-tal in-for-ma-tion is chan-ging our so-cie-ty-bitco-
 []


Underfull \hbox (badness 10000) in paragraph at lines 193--198
\OT1/cmr/m/n/12 in's gravi-ty.  []$\OT1/cmtt/m/n/12 https : / / dergigi . com /
 2018 / 08 / 17 /
 []


Underfull \hbox (badness 1661) in paragraph at lines 200--205
\OT1/cmr/m/n/12 le scrip-ting.  []$\OT1/cmtt/m/n/12 https : / / lists . linuxfo
undation . org /
 []


Underfull \hbox (badness 10000) in paragraph at lines 200--205
\OT1/cmtt/m/n/12 pipermail / bitcoin-[]dev / 2018-[]January / 015614 . html$[]\
OT1/cmr/m/n/12 ,
 []


Underfull \hbox (badness 10000) in paragraph at lines 207--211
[]\OT1/cmr/m/n/12 Hasu.  Un-pa-ck-ing bitco-in's so-ci-al con-
 []


Underfull \hbox (badness 10000) in paragraph at lines 207--211
\OT1/cmr/m/n/12 tra-ct.  []$\OT1/cmtt/m/n/12 https : / / uncommoncore . co /
 []


Underfull \hbox (badness 10000) in paragraph at lines 207--211
\OT1/cmtt/m/n/12 unpacking-[]bitcoins-[]social-[]contract$[]\OT1/cmr/m/n/12 , D
e-cem-ber
 []

[132]
Underfull \hbox (badness 10000) in paragraph at lines 225--229
\OT1/cmr/m/n/12 von Mi-ses In-sti-tu-te, []$\OT1/cmtt/m/n/12 https : / / mises 
. org / library /
 []


Underfull \hbox (badness 10000) in paragraph at lines 231--236
[]\OT1/cmr/m/n/12 Dan Held.  Bitco-in's di-stri-bu-tion
 []


Underfull \hbox (badness 10000) in paragraph at lines 231--236
\OT1/cmr/m/n/12 was fair.  []$\OT1/cmtt/m/n/12 https : / / blog . picks . co /
 []


Underfull \hbox (badness 10000) in paragraph at lines 231--236
\OT1/cmtt/m/n/12 bitcoins-[]distribution-[]was-[]fair-[]e2ef7bbbc892$[]\OT1/cmr
/m/n/12 ,
 []


Underfull \hbox (badness 1648) in paragraph at lines 238--241
[]\OT1/cmr/m/n/12 Eric Hug-hes.  A cyp-her-punk's ma-ni-fe-sto.  []$\OT1/cmtt/m
/n/12 https :
 []


Underfull \hbox (badness 10000) in paragraph at lines 238--241
\OT1/cmtt/m/n/12 / / www . activism . net / cypherpunk / manifesto . html$[]\OT
1/cmr/m/n/12 ,
 []


Underfull \hbox (badness 7030) in paragraph at lines 243--247
[]\OT1/cmr/m/n/12 Guido J^^?org H^^?uls-mann.  \OT1/cmr/m/it/12 Et-hi-cs of Mo-
ney Pro-
 []


Underfull \hbox (badness 2302) in paragraph at lines 266--272
[]\OT1/cmr/m/n/12 Margo Rap-port.  Hi-story shows pri-ce of an oun-
 []


Underfull \hbox (badness 4328) in paragraph at lines 266--272
\OT1/cmr/m/n/12 ce of gold equals pri-ce of a de-cent men's su-it,
 []


Underfull \hbox (badness 5022) in paragraph at lines 266--272
\OT1/cmr/m/n/12 says sionna in-ve-st-ment ma-na-gers.  []$\OT1/cmtt/m/n/12 http
s : / / www .
 []


Underfull \hbox (badness 10000) in paragraph at lines 266--272
\OT1/cmtt/m/n/12 businesswire . com / news / home / 20110819005774 / en /
 []


Underfull \hbox (badness 10000) in paragraph at lines 266--272
\OT1/cmtt/m/n/12 History-[]Shows-[]Price-[]Ounce-[]Gold-[]Equals-[]Price$[]\OT1
/cmr/m/n/12 ,
 []

[133]
Underfull \hbox (badness 10000) in paragraph at lines 274--278
[]\OT1/cmr/m/n/12 Trace May-er.  The 7 net-work ef-fects of
 []


Underfull \hbox (badness 10000) in paragraph at lines 274--278
\OT1/cmr/m/n/12 bitco-in.  []$\OT1/cmtt/m/n/12 https : / / www . thrivenotes . 
com /
 []


Underfull \hbox (badness 1320) in paragraph at lines 280--284
[]\OT1/cmr/m/n/12 Ralph C. Mer-k-le.  Da-os, de-mo-cra-cy and gover-nan-
 []


Underfull \hbox (badness 2221) in paragraph at lines 280--284
\OT1/cmr/m/n/12 ce.  []$\OT1/cmtt/m/n/12 https : / / alcor . org / cryonics / C
ryonics2016-[]4 .
 []


Underfull \hbox (badness 10000) in paragraph at lines 286--291
\OT1/cmtt/m/n/12 com / fiatminimalist / status / 1072880815661436928$[]\OT1/cmr
/m/n/12 ,
 []


Underfull \hbox (badness 10000) in paragraph at lines 293--298
[]$\OT1/cmtt/m/n/12 https : / / www . muenzeoesterreich . at / eng / discover /

 []


Underfull \hbox (badness 10000) in paragraph at lines 293--298
\OT1/cmtt/m/n/12 for-[]investors / gold-[]the-[]extraordinary-[]metal$[]\OT1/cm
r/m/n/12 ,
 []


Underfull \hbox (badness 1253) in paragraph at lines 300--305
[]\OT1/cmr/m/n/12 British Mu-se-um.  The ori-gins of co-i-na-ge.  []$\OT1/cmtt/
m/n/12 https :
 []


Underfull \hbox (badness 10000) in paragraph at lines 300--305
\OT1/cmtt/m/n/12 / / www . britishmuseum . org / explore / themes / money /
 []


Underfull \hbox (badness 4792) in paragraph at lines 312--317
[]\OT1/cmr/m/n/12 Satoshi Na-ka-mo-to.  Re: Bitco-in p2p e-cash pa-
 []


Underfull \hbox (badness 10000) in paragraph at lines 312--317
\OT1/cmr/m/n/12 per.  []$\OT1/cmtt/m/n/12 https : / / www . metzdowd . com / pi
permail /
 []


Underfull \hbox (badness 10000) in paragraph at lines 319--324
\OT1/cmtt/m/n/12 topics / bitcoin-[]open-[]source ? commentId = 2003008 %
 []

[134]
Underfull \hbox (badness 6493) in paragraph at lines 338--342
[]\OT1/cmr/m/n/12 Satoshi Na-ka-mo-to.  Re: Questions about bitco-
 []


Underfull \hbox (badness 6978) in paragraph at lines 344--348
[]\OT1/cmr/m/n/12 Satoshi Na-ka-mo-to.  De-a-ling with sha-256 col-li-
 []


Underfull \hbox (badness 1622) in paragraph at lines 344--348
\OT1/cmr/m/n/12 sions.  []$\OT1/cmtt/m/n/12 https : / / bitcointalk . org / ind
ex . php ? topic =
 []


Underfull \hbox (badness 1028) in paragraph at lines 350--354
[]\OT1/cmr/m/n/12 Satoshi Na-ka-mo-to.  Re: 0.3 al-most re-a-dy.  []$\OT1/cmtt/
m/n/12 https :
 []


Underfull \hbox (badness 10000) in paragraph at lines 350--354
\OT1/cmtt/m/n/12 / / bitcointalk . org / index . php ? topic = 199 . msg1670 #
 []


Underfull \hbox (badness 10000) in paragraph at lines 356--360
\OT1/cmtt/m/n/12 org / index . php ? topic = 195 . msg1611 # msg1611$[]\OT1/cmr
/m/n/12 , Ju-ne
 []


Underfull \hbox (badness 3428) in paragraph at lines 367--373
[]\OT1/cmr/m/n/12 Jordan Pear-son.  In-si-de the wor-ld of the bitco-
 []


Underfull \hbox (badness 4832) in paragraph at lines 367--373
\OT1/cmr/m/n/12 in car-ni-vo-res: Why a small com-mu-ni-ty of bitco-
 []


Underfull \hbox (badness 10000) in paragraph at lines 367--373
\OT1/cmr/m/n/12 in users is eat-ing me-at exclu-si-ve-ly.  []$\OT1/cmtt/m/n/12 
https :
 []


Underfull \hbox (badness 10000) in paragraph at lines 367--373
\OT1/cmtt/m/n/12 / / motherboard . vice . com / en _ us / article / ne74nw /
 []


Underfull \hbox (badness 10000) in paragraph at lines 367--373
\OT1/cmtt/m/n/12 inside-[]the-[]world-[]of-[]the-[]bitcoin-[]carnivores$[]\OT1/
cmr/m/n/12 ,
 []

[135]
Underfull \hbox (badness 4266) in paragraph at lines 375--380
[]\OT1/cmr/m/n/12 Pieter Wu-il-le.  Sch-norr sig-na-tu-res for secp256k1.
 []


Underfull \hbox (badness 10000) in paragraph at lines 375--380
[]$\OT1/cmtt/m/n/12 https : / / github . com / sipa / bips / blob / bip-[]schno
rr /
 []


Underfull \hbox (badness 2119) in paragraph at lines 382--388
[]\OT1/cmr/m/n/12 Plato.  \OT1/cmr/m/it/12 Pla-to in Twel-ve Vo-lu-mes, Vol. 3.
 (Eut-hy-
 []


Underfull \hbox (badness 10000) in paragraph at lines 382--388
[]$\OT1/cmtt/m/n/12 http : / / www . perseus . tufts . edu / hopper / text ? do
c =
 []


Underfull \hbox (badness 10000) in paragraph at lines 382--388
\OT1/cmtt/m/n/12 Perseus % 3Atext % 3A1999 . 01 . 0178 % 3Atext % 3DEuthyd .
 []


Underfull \hbox (badness 7667) in paragraph at lines 411--416
[]\OT1/cmr/m/n/12 Edward Snow-den.  Edward snow-den: Nsa whi-
 []


Underfull \hbox (badness 10000) in paragraph at lines 411--416
\OT1/cmr/m/n/12 st-le-blower an-swers re-a-der questions.  []$\OT1/cmtt/m/n/12 
https :
 []


Underfull \hbox (badness 10000) in paragraph at lines 411--416
\OT1/cmtt/m/n/12 / / www . theguardian . com / world / 2013 / jun / 17 /
 []


Underfull \hbox (badness 10000) in paragraph at lines 411--416
\OT1/cmtt/m/n/12 edward-[]snowden-[]nsa-[]files-[]whistleblower$[]\OT1/cmr/m/n/
12 , Ju-ne
 []


Underfull \hbox (badness 10000) in paragraph at lines 418--423
[]\OT1/cmr/m/n/12 Jimmy Song.  Why bitco-in is dif-fe-
 []


Underfull \hbox (badness 10000) in paragraph at lines 418--423
\OT1/cmr/m/n/12 rent.  []$\OT1/cmtt/m/n/12 https : / / medium . com / @jimmyson
g /
 []


Underfull \hbox (badness 10000) in paragraph at lines 418--423
\OT1/cmtt/m/n/12 why-[]bitcoin-[]is-[]different-[]e17b813fd947$[]\OT1/cmr/m/n/1
2 , April
 []

[136]
Underfull \hbox (badness 10000) in paragraph at lines 425--429
[]\OT1/cmr/m/n/12 U.S. Ge-o-lo-gi-cal Sur-vey.  Na-tio-nal mi-ne-rals in-
 []


Underfull \hbox (badness 10000) in paragraph at lines 425--429
\OT1/cmr/m/n/12 for-ma-tion cen-ter -- mi-ne-ral com-mo-di-ty sum-ma-
 []


Underfull \hbox (badness 10000) in paragraph at lines 425--429
\OT1/cmr/m/n/12 ri-es.  []$\OT1/cmtt/m/n/12 https : / / www . usgs . gov / cent
ers / nmic /
 []


Underfull \hbox (badness 10000) in paragraph at lines 441--445
[]\OT1/cmr/m/n/12 Tom El-vis Je-du-sor.  Mim-blewim-b-le ori-gin.
 []


Underfull \hbox (badness 10000) in paragraph at lines 441--445
[]$\OT1/cmtt/m/n/12 https : / / github . com / mimblewimble / docs / wiki /
 []


Underfull \hbox (badness 1629) in paragraph at lines 465--471
[]\OT1/cmr/m/n/12 Wikipedia con-tri-bu-tors.  2013{pre-sent eco-no-mic cri-
 []


Underfull \hbox (badness 2573) in paragraph at lines 465--471
\OT1/cmr/m/n/12 sis in ve-nezu-ela --- Wikipe-dia, the free en-cycl-ope-
 []


Underfull \hbox (badness 10000) in paragraph at lines 465--471
\OT1/cmr/m/n/12 dia.  []$\OT1/cmtt/m/n/12 https : / / en . wikipedia . org / w 
/ index . php ?
 []


Underfull \hbox (badness 10000) in paragraph at lines 465--471
\OT1/cmtt/m/n/12 title = 2013 % E2 % 80 % 93present _ economic _ crisis _
 []

[137]
Underfull \hbox (badness 10000) in paragraph at lines 473--478
\OT1/cmtt/m/n/12 index . php ? title = Austrian _ School & oldid = 920008469$[]
\OT1/cmr/m/n/12 ,
 []


Underfull \hbox (badness 1888) in paragraph at lines 480--485
[]\OT1/cmr/m/n/12 Wikipedia con-tri-bu-tors.  Bi-me-tal-lism --- Wikipe-dia,
 []


Underfull \hbox (badness 1546) in paragraph at lines 480--485
\OT1/cmr/m/n/12 the free en-cycl-ope-dia.  []$\OT1/cmtt/m/n/12 https : / / en .
 wikipedia . org /
 []


Underfull \hbox (badness 10000) in paragraph at lines 480--485
\OT1/cmtt/m/n/12 w / index . php ? title = Bimetallism & oldid = 920537299$[]\O
T1/cmr/m/n/12 ,
 []


Underfull \hbox (badness 1546) in paragraph at lines 487--492
\OT1/cmr/m/n/12 the free en-cycl-ope-dia.  []$\OT1/cmtt/m/n/12 https : / / en .
 wikipedia . org /
 []


Underfull \hbox (badness 10000) in paragraph at lines 487--492
\OT1/cmtt/m/n/12 w / index . php ? title = Crypto _ Wars & oldid = 916147143$[]
\OT1/cmr/m/n/12 ,
 []


Underfull \hbox (badness 1112) in paragraph at lines 494--499
\OT1/cmr/m/n/12 dia, the free en-cycl-ope-dia.  []$\OT1/cmtt/m/n/12 https : / /
 en . wikipedia .
 []


Underfull \hbox (badness 10000) in paragraph at lines 494--499
\OT1/cmtt/m/n/12 org / w / index . php ? title = Discrete _ logarithm & oldid =

 []


Underfull \hbox (badness 1546) in paragraph at lines 501--506
\OT1/cmr/m/n/12 the free en-cycl-ope-dia.  []$\OT1/cmtt/m/n/12 https : / / en .
 wikipedia . org /
 []


Underfull \hbox (badness 10000) in paragraph at lines 501--506
\OT1/cmtt/m/n/12 w / index . php ? title = Dual _ EC _ DRBG & oldid = 918490393
$[]\OT1/cmr/m/n/12 ,
 []


Underfull \hbox (badness 1546) in paragraph at lines 508--513
\OT1/cmr/m/n/12 the free en-cycl-ope-dia.  []$\OT1/cmtt/m/n/12 https : / / en .
 wikipedia . org /
 []


Underfull \hbox (badness 10000) in paragraph at lines 508--513
\OT1/cmtt/m/n/12 w / index . php ? title = Dyson _ sphere & oldid = 916621053$[
]\OT1/cmr/m/n/12 ,
 []


Underfull \hbox (badness 2119) in paragraph at lines 515--520
[]\OT1/cmr/m/n/12 Wikipedia con-tri-bu-tors.  Elliptic-curve cryp-to-grap-hy
 []


Underfull \hbox (badness 1728) in paragraph at lines 515--520
\OT1/cmr/m/n/12 --- Wikipe-dia, the free en-cycl-ope-dia.  []$\OT1/cmtt/m/n/12 
https : / / en .
 []


Underfull \hbox (badness 10000) in paragraph at lines 515--520
\OT1/cmtt/m/n/12 wikipedia . org / w / index . php ? title = Elliptic-[]curve _

 []


Underfull \hbox (badness 10000) in paragraph at lines 522--527
\OT1/cmtt/m/n/12 index . php ? title = Hyperinflation & oldid = 919343724$[]\OT
1/cmr/m/n/12 ,
 []

[138]
Underfull \hbox (badness 10000) in paragraph at lines 529--534
\OT1/cmtt/m/n/12 index . php ? title = Illegal _ number & oldid = 918772989$[]\
OT1/cmr/m/n/12 ,
 []


Underfull \hbox (badness 10000) in paragraph at lines 536--541
\OT1/cmtt/m/n/12 index . php ? title = Illegal _ prime & oldid = 913087454$[]\O
T1/cmr/m/n/12 ,
 []


Underfull \hbox (badness 10000) in paragraph at lines 543--548
[]\OT1/cmr/m/n/12 Wikipedia con-tri-bu-tors.  Key-nesi-an eco-no-mi-
 []


Underfull \hbox (badness 3780) in paragraph at lines 543--548
\OT1/cmr/m/n/12 cs --- Wikipe-dia, the free en-cycl-ope-dia.  []$\OT1/cmtt/m/n/
12 https :
 []


Underfull \hbox (badness 10000) in paragraph at lines 543--548
\OT1/cmtt/m/n/12 / / en . wikipedia . org / w / index . php ? title = Keynesian
 _
 []


Underfull \hbox (badness 10000) in paragraph at lines 550--555
[]\OT1/cmr/m/n/12 Wikipedia con-tri-bu-tors.  Lan-dau-er's prin-cip-
 []


Underfull \hbox (badness 4084) in paragraph at lines 550--555
\OT1/cmr/m/n/12 le --- Wikipe-dia, the free en-cycl-ope-dia.  []$\OT1/cmtt/m/n/
12 https :
 []


Underfull \hbox (badness 10000) in paragraph at lines 550--555
\OT1/cmtt/m/n/12 / / en . wikipedia . org / w / index . php ? title = Landauer 
%
 []


Underfull \hbox (badness 10000) in paragraph at lines 557--562
[]\OT1/cmr/m/n/12 Wikipedia con-tri-bu-tors.  Last gla-ci-al maxi-mum
 []


Underfull \hbox (badness 10000) in paragraph at lines 557--562
\OT1/cmr/m/n/12 --- Wikipe-dia, the free en-cycl-ope-dia.  []$\OT1/cmtt/m/n/12 
https :
 []


Underfull \hbox (badness 10000) in paragraph at lines 557--562
\OT1/cmtt/m/n/12 / / en . wikipedia . org / w / index . php ? title = Last _
 []


Underfull \hbox (badness 1231) in paragraph at lines 564--569
[]\OT1/cmr/m/n/12 Wikipedia con-tri-bu-tors.  Lin-dy ef-fect --- Wikipe-dia,
 []


Underfull \hbox (badness 1546) in paragraph at lines 564--569
\OT1/cmr/m/n/12 the free en-cycl-ope-dia.  []$\OT1/cmtt/m/n/12 https : / / en .
 wikipedia . org /
 []


Underfull \hbox (badness 10000) in paragraph at lines 564--569
\OT1/cmtt/m/n/12 w / index . php ? title = Lindy _ effect & oldid = 921214819$[
]\OT1/cmr/m/n/12 ,
 []


Underfull \hbox (badness 1112) in paragraph at lines 571--576
\OT1/cmr/m/n/12 dia, the free en-cycl-ope-dia.  []$\OT1/cmtt/m/n/12 https : / /
 en . wikipedia .
 []


Underfull \hbox (badness 10000) in paragraph at lines 571--576
\OT1/cmtt/m/n/12 org / w / index . php ? title = List _ of _ currencies & oldid
 =
 []

[139]
Underfull \hbox (badness 10000) in paragraph at lines 578--584
[]\OT1/cmr/m/n/12 Wikipedia con-tri-bu-tors.  List of hi-sto-ri-cal cur-
 []


Underfull \hbox (badness 10000) in paragraph at lines 578--584
\OT1/cmr/m/n/12 ren-cies --- Wikipe-dia, the free en-cycl-ope-dia.
 []


Underfull \hbox (badness 10000) in paragraph at lines 578--584
[]$\OT1/cmtt/m/n/12 https : / / en . wikipedia . org / w / index . php ? title 
=
 []


Underfull \hbox (badness 10000) in paragraph at lines 578--584
\OT1/cmtt/m/n/12 List _ of _ historical _ currencies & oldid = 919919705$[]\OT1
/cmr/m/n/12 ,
 []


Underfull \hbox (badness 10000) in paragraph at lines 586--591
[]\OT1/cmr/m/n/12 Wikipedia con-tri-bu-tors.  Met-hods of co-in de-
 []


Underfull \hbox (badness 10000) in paragraph at lines 586--591
\OT1/cmr/m/n/12 ba-se-ment --- Wikipe-dia, the free en-cycl-ope-dia.
 []


Underfull \hbox (badness 10000) in paragraph at lines 586--591
[]$\OT1/cmtt/m/n/12 https : / / en . wikipedia . org / w / index . php ? title 
=
 []


Underfull \hbox (badness 1112) in paragraph at lines 593--598
\OT1/cmr/m/n/12 dia, the free en-cycl-ope-dia.  []$\OT1/cmtt/m/n/12 https : / /
 en . wikipedia .
 []


Underfull \hbox (badness 10000) in paragraph at lines 593--598
\OT1/cmtt/m/n/12 org / w / index . php ? title = Money _ multiplier & oldid =
 []


Underfull \hbox (badness 1546) in paragraph at lines 600--605
\OT1/cmr/m/n/12 the free en-cycl-ope-dia.  []$\OT1/cmtt/m/n/12 https : / / en .
 wikipedia . org /
 []


Underfull \hbox (badness 10000) in paragraph at lines 600--605
\OT1/cmtt/m/n/12 w / index . php ? title = Money _ supply & oldid = 921152289$[
]\OT1/cmr/m/n/12 ,
 []


Underfull \hbox (badness 10000) in paragraph at lines 607--612
[]\OT1/cmr/m/n/12 Wikipedia con-tri-bu-tors.  P ver-sus np pro-blem
 []


Underfull \hbox (badness 10000) in paragraph at lines 607--612
\OT1/cmr/m/n/12 --- Wikipe-dia, the free en-cycl-ope-dia.  []$\OT1/cmtt/m/n/12 
https :
 []


Underfull \hbox (badness 10000) in paragraph at lines 607--612
\OT1/cmtt/m/n/12 / / en . wikipedia . org / w / index . php ? title = P _ versu
s _
 []


Underfull \hbox (badness 1112) in paragraph at lines 614--619
\OT1/cmr/m/n/12 dia, the free en-cycl-ope-dia.  []$\OT1/cmtt/m/n/12 https : / /
 en . wikipedia .
 []


Underfull \hbox (badness 10000) in paragraph at lines 614--619
\OT1/cmtt/m/n/12 org / w / index . php ? title = Paradox _ of _ value & oldid =

 []

[140]
Underfull \hbox (badness 10000) in paragraph at lines 627--632
\OT1/cmtt/m/n/12 index . php ? title = Ship _ of _ Theseus & oldid = 923020256$
[]\OT1/cmr/m/n/12 ,
 []


Underfull \hbox (badness 2126) in paragraph at lines 634--640
\OT1/cmr/m/n/12 tes) --- Wikipe-dia, the free en-cycl-ope-dia.  []$\OT1/cmtt/m/
n/12 https :
 []


Underfull \hbox (badness 10000) in paragraph at lines 634--640
\OT1/cmtt/m/n/12 / / en . wikipedia . org / w / index . php ? title = Silver _
 []


Underfull \hbox (badness 10000) in paragraph at lines 634--640
\OT1/cmtt/m/n/12 certificate _ (United _ States ) &oldid = 917688197$[]\OT1/cmr
/m/n/12 ,
 []


Underfull \hbox (badness 10000) in paragraph at lines 642--647
[]\OT1/cmr/m/n/12 Wikipedia con-tri-bu-tors.  Sub-jecti-ve the-ory
 []


Underfull \hbox (badness 10000) in paragraph at lines 642--647
\OT1/cmr/m/n/12 of va-lue --- Wikipe-dia, the free en-cycl-ope-dia.
 []


Underfull \hbox (badness 10000) in paragraph at lines 642--647
[]$\OT1/cmtt/m/n/12 https : / / en . wikipedia . org / w / index . php ? title 
=
 []


Underfull \hbox (badness 7832) in paragraph at lines 656--661
[]\OT1/cmr/m/n/12 Wikipedia con-tri-bu-tors.  The-ory of va-lue (eco-
 []


Underfull \hbox (badness 10000) in paragraph at lines 656--661
\OT1/cmr/m/n/12 no-mi-cs) --- Wikipe-dia, the free en-cycl-ope-dia.
 []


Underfull \hbox (badness 10000) in paragraph at lines 656--661
[]$\OT1/cmtt/m/n/12 https : / / en . wikipedia . org / w / index . php ? title 
=
 []


Underfull \hbox (badness 10000) in paragraph at lines 656--661
\OT1/cmtt/m/n/12 Theory _ of _ value _ (economics ) &oldid = 919603374$[]\OT1/c
mr/m/n/12 ,
 []


Underfull \hbox (badness 1728) in paragraph at lines 663--669
\OT1/cmr/m/n/12 hits 40 no-des, 60 chan-nels.  []$\OT1/cmtt/m/n/12 https : / / 
bitcoinist .
 []


Underfull \hbox (badness 10000) in paragraph at lines 663--669
\OT1/cmtt/m/n/12 com / bitcoin-[]lightning-[]network-[]mainnet-[]nodes/$[]\OT1/
cmr/m/n/12 ,
 []

) (./tak.tex [141] [142


]
part IV.
Package scrkbase Info: You've told me to use the font selection of the element
(scrkbase)             `partprefix' that is an alias of element `partnumber'
(scrkbase)              on input line 1.
[143] [144] [145]
Overfull \hbox (49.17964pt too wide) in paragraph at lines 32--34
[]\OT1/cmr/m/n/12 Telegram-kanalen "EnOgTy-ve": []htt-ps://t.me/enogtyvedk[] 
 []


Overfull \hbox (76.16965pt too wide) in paragraph at lines 42--44
[]\OT1/cmr/m/n/12 Bogen `Bitco-in Stan-dar-den: []htt-ps://www.bitcoinstandarde
n.dk[] 
 []


Overfull \hbox (12.10225pt too wide) in paragraph at lines 47--49
[]\OT1/cmr/m/n/12 Bitcoinskolen.net: []htt-ps://www.bitcoinskolen.net/[] 
 []

) [146] (./162-main.aux)
Package rerunfilecheck Info: File `162-main.out' has not changed.
(rerunfilecheck)             Checksum: D41D8CD98F00B204E9800998ECF8427E;0.
 ) 
Here is how much of TeX's memory you used:
 13737 strings out of 480432
 247982 string characters out of 5891250
 817576 words of memory out of 5000000
 29938 multiletter control sequences out of 15000+600000
 411618 words of font info for 54 fonts, out of 8000000 for 9000
 428 hyphenation exceptions out of 8191
 111i,10n,116p,10629b,888s stack positions out of 5000i,500n,10000p,200000b,80000s
pdfTeX warning (dest): name{chapter.22} has been referenced but does not exis
t, replaced by a fixed one

 </home/debian/.texlive2020/texmf-var/fonts/pk/ljfour/jknappen/ec/tcrm1200.600p
k> </home/debian/.texlive2020/texmf-var/fonts/pk/ljfour/jknappen/ec/tcrm1000.60
0pk></usr/share/texlive/texmf-dist/fonts/type1/public/amsfonts/cm/cmbx12.pfb></
usr/share/texlive/texmf-dist/fonts/type1/public/amsfonts/cm/cmex10.pfb></usr/sh
are/texlive/texmf-dist/fonts/type1/public/amsfonts/cm/cmmi10.pfb></usr/share/te
xlive/texmf-dist/fonts/type1/public/amsfonts/cm/cmmi12.pfb></usr/share/texlive/
texmf-dist/fonts/type1/public/amsfonts/cm/cmmi6.pfb></usr/share/texlive/texmf-d
ist/fonts/type1/public/amsfonts/cm/cmmi8.pfb></usr/share/texlive/texmf-dist/fon
ts/type1/public/amsfonts/cm/cmr10.pfb></usr/share/texlive/texmf-dist/fonts/type
1/public/amsfonts/cm/cmr12.pfb></usr/share/texlive/texmf-dist/fonts/type1/publi
c/amsfonts/cm/cmr17.pfb></usr/share/texlive/texmf-dist/fonts/type1/public/amsfo
nts/cm/cmr6.pfb></usr/share/texlive/texmf-dist/fonts/type1/public/amsfonts/cm/c
mr7.pfb></usr/share/texlive/texmf-dist/fonts/type1/public/amsfonts/cm/cmr8.pfb>
</usr/share/texlive/texmf-dist/fonts/type1/public/amsfonts/cm/cmss12.pfb></usr/
share/texlive/texmf-dist/fonts/type1/public/amsfonts/cm/cmsy10.pfb></usr/share/
texlive/texmf-dist/fonts/type1/public/amsfonts/cm/cmsy8.pfb></usr/share/texlive
/texmf-dist/fonts/type1/public/amsfonts/cm/cmti10.pfb></usr/share/texlive/texmf
-dist/fonts/type1/public/amsfonts/cm/cmti12.pfb></usr/share/texlive/texmf-dist/
fonts/type1/public/amsfonts/cm/cmti7.pfb></usr/share/texlive/texmf-dist/fonts/t
ype1/public/amsfonts/cm/cmtt10.pfb></usr/share/texlive/texmf-dist/fonts/type1/p
ublic/amsfonts/cm/cmtt12.pfb>
Output written on 162-main.pdf (162 pages, 19298354 bytes).
PDF statistics:
 2007 PDF objects out of 2073 (max. 8388607)
 1747 compressed objects within 18 object streams
 568 named destinations out of 1000 (max. 500000)
 422 words of extra memory for PDF output out of 10000 (max. 10000000)

